# JRE version: OpenJDK Runtime Environment Temurin-21.0.12.1+1 (21.0.12.1+1) (build 21.0.12.1+1-LTS)
# Java VM: OpenJDK 64-Bit Server VM Temurin-21.0.12.1+1 (21.0.12.1+1-LTS, mixed mode, sharing, tiered, compressed oops, compressed class ptrs, parallel gc, windows-amd64)
GC Precious Log:
 CardTable entry size: 512
 CPUs: 4 total, 4 available
 Memory: 6094M
 Large Page Support: Disabled
 NUMA Support: Disabled
 Compressed Oops: Enabled (32-bit)
 Alignments: Space 512K, Generation 512K, Heap 2M
 Heap Min Capacity: 100M
 Heap Initial Capacity: 100M
 Heap Max Capacity: 2G
 Pre-touch: Disabled
 Parallel Workers: 4
Heap:
 PSYoungGen      total 4608K, used 1062K [0x00000000d5580000, 0x00000000d5e00000, 0x0000000100000000)
  eden space 3584K, 26% used [0x00000000d5580000,0x00000000d5669930,0x00000000d5900000)
  from space 1024K, 12% used [0x00000000d5c80000,0x00000000d5ca0000,0x00000000d5d80000)
  to   space 512K, 0% used [0x00000000d5d80000,0x00000000d5d80000,0x00000000d5e00000)
 ParOldGen       total 1245696K, used 1245320K [0x0000000080000000, 0x00000000cc080000, 0x00000000d5580000)
  object space 1245696K, 99% used [0x0000000080000000,0x00000000cc022158,0x00000000cc080000)
 Metaspace       used 89397K, committed 91328K, reserved 1179648K
  class space    used 9083K, committed 9920K, reserved 1048576K
GC Heap History (20 events):
Event: 1808.294 GC heap before
{Heap before GC invocations=2863 (full 5):
 PSYoungGen      total 5632K, used 5632K [0x00000000d5580000, 0x00000000d6200000, 0x0000000100000000)
  eden space 3584K, 100% used [0x00000000d5580000,0x00000000d5900000,0x00000000d5900000)
  from space 2048K, 100% used [0x00000000d5900000,0x00000000d5b00000,0x00000000d5b00000)
  to   space 4608K, 0% used [0x00000000d5d80000,0x00000000d5d80000,0x00000000d6200000)
 ParOldGen       total 1235968K, used 1235862K [0x0000000080000000, 0x00000000cb700000, 0x00000000d5580000)
  object space 1235968K, 99% used [0x0000000080000000,0x00000000cb6e5988,0x00000000cb700000)
 Metaspace       used 89356K, committed 91264K, reserved 1179648K
  class space    used 9083K, committed 9920K, reserved 1048576K
}
Event: 1808.307 GC heap after
{Heap after GC invocations=2863 (full 5):
 PSYoungGen      total 5632K, used 1952K [0x00000000d5580000, 0x00000000d5f80000, 0x0000000100000000)
  eden space 3584K, 0% used [0x00000000d5580000,0x00000000d5580000,0x00000000d5900000)
  from space 2048K, 95% used [0x00000000d5d80000,0x00000000d5f68000,0x00000000d5f80000)
  to   space 3072K, 0% used [0x00000000d5980000,0x00000000d5980000,0x00000000d5c80000)
 ParOldGen       total 1238016K, used 1237942K [0x0000000080000000, 0x00000000cb900000, 0x00000000d5580000)
  object space 1238016K, 99% used [0x0000000080000000,0x00000000cb8ed988,0x00000000cb900000)
 Metaspace       used 89356K, committed 91264K, reserved 1179648K
  class space    used 9083K, committed 9920K, reserved 1048576K
}
Event: 1808.355 GC heap before
{Heap before GC invocations=2864 (full 5):
 PSYoungGen      total 5632K, used 5535K [0x00000000d5580000, 0x00000000d5f80000, 0x0000000100000000)
  eden space 3584K, 99% used [0x00000000d5580000,0x00000000d58fff40,0x00000000d5900000)
  from space 2048K, 95% used [0x00000000d5d80000,0x00000000d5f68000,0x00000000d5f80000)
  to   space 3072K, 0% used [0x00000000d5980000,0x00000000d5980000,0x00000000d5c80000)
 ParOldGen       total 1238016K, used 1237942K [0x0000000080000000, 0x00000000cb900000, 0x00000000d5580000)
  object space 1238016K, 99% used [0x0000000080000000,0x00000000cb8ed988,0x00000000cb900000)
 Metaspace       used 89356K, committed 91264K, reserved 1179648K
  class space    used 9083K, committed 9920K, reserved 1048576K
}
Event: 1808.366 GC heap after
{Heap after GC invocations=2864 (full 5):
 PSYoungGen      total 6656K, used 3060K [0x00000000d5580000, 0x00000000d6400000, 0x0000000100000000)
  eden space 3584K, 0% used [0x00000000d5580000,0x00000000d5580000,0x00000000d5900000)
  from space 3072K, 99% used [0x00000000d5980000,0x00000000d5c7d300,0x00000000d5c80000)
  to   space 5632K, 0% used [0x00000000d5e80000,0x00000000d5e80000,0x00000000d6400000)
 ParOldGen       total 1240064K, used 1239710K [0x0000000080000000, 0x00000000cbb00000, 0x00000000d5580000)
  object space 1240064K, 99% used [0x0000000080000000,0x00000000cbaa7988,0x00000000cbb00000)
 Metaspace       used 89356K, committed 91264K, reserved 1179648K
  class space    used 9083K, committed 9920K, reserved 1048576K
}
Event: 1808.806 GC heap before
{Heap before GC invocations=2865 (full 5):
 PSYoungGen      total 6656K, used 6644K [0x00000000d5580000, 0x00000000d6400000, 0x0000000100000000)
  eden space 3584K, 100% used [0x00000000d5580000,0x00000000d5900000,0x00000000d5900000)
  from space 3072K, 99% used [0x00000000d5980000,0x00000000d5c7d300,0x00000000d5c80000)
  to   space 5632K, 0% used [0x00000000d5e80000,0x00000000d5e80000,0x00000000d6400000)
 ParOldGen       total 1240064K, used 1239710K [0x0000000080000000, 0x00000000cbb00000, 0x00000000d5580000)
  object space 1240064K, 99% used [0x0000000080000000,0x00000000cbaa7988,0x00000000cbb00000)
 Metaspace       used 89356K, committed 91264K, reserved 1179648K
  class space    used 9083K, committed 9920K, reserved 1048576K
}
Event: 1808.820 GC heap after
{Heap after GC invocations=2865 (full 5):
 PSYoungGen      total 5120K, used 1056K [0x00000000d5580000, 0x00000000d6000000, 0x0000000100000000)
  eden space 3584K, 0% used [0x00000000d5580000,0x00000000d5580000,0x00000000d5900000)
  from space 1536K, 68% used [0x00000000d5e80000,0x00000000d5f88010,0x00000000d6000000)
  to   space 2560K, 0% used [0x00000000d5b00000,0x00000000d5b00000,0x00000000d5d80000)
 ParOldGen       total 1243136K, used 1242703K [0x0000000080000000, 0x00000000cbe00000, 0x00000000d5580000)
  object space 1243136K, 99% used [0x0000000080000000,0x00000000cbd93c88,0x00000000cbe00000)
 Metaspace       used 89356K, committed 91264K, reserved 1179648K
  class space    used 9083K, committed 9920K, reserved 1048576K
}
Event: 1809.176 GC heap before
{Heap before GC invocations=2866 (full 5):
 PSYoungGen      total 5120K, used 4640K [0x00000000d5580000, 0x00000000d6000000, 0x0000000100000000)
  eden space 3584K, 100% used [0x00000000d5580000,0x00000000d5900000,0x00000000d5900000)
  from space 1536K, 68% used [0x00000000d5e80000,0x00000000d5f88010,0x00000000d6000000)
  to   space 2560K, 0% used [0x00000000d5b00000,0x00000000d5b00000,0x00000000d5d80000)
 ParOldGen       total 1243136K, used 1242703K [0x0000000080000000, 0x00000000cbe00000, 0x00000000d5580000)
  object space 1243136K, 99% used [0x0000000080000000,0x00000000cbd93c88,0x00000000cbe00000)
 Metaspace       used 89366K, committed 91328K, reserved 1179648K
  class space    used 9083K, committed 9920K, reserved 1048576K
}
Event: 1809.183 GC heap after
{Heap after GC invocations=2866 (full 5):
 PSYoungGen      total 6144K, used 128K [0x00000000d5580000, 0x00000000d5f00000, 0x0000000100000000)
  eden space 3584K, 0% used [0x00000000d5580000,0x00000000d5580000,0x00000000d5900000)
  from space 2560K, 5% used [0x00000000d5b00000,0x00000000d5b20000,0x00000000d5d80000)
  to   space 1024K, 0% used [0x00000000d5e00000,0x00000000d5e00000,0x00000000d5f00000)
 ParOldGen       total 1243648K, used 1243431K [0x0000000080000000, 0x00000000cbe80000, 0x00000000d5580000)
  object space 1243648K, 99% used [0x0000000080000000,0x00000000cbe49c88,0x00000000cbe80000)
 Metaspace       used 89366K, committed 91328K, reserved 1179648K
  class space    used 9083K, committed 9920K, reserved 1048576K
}
Event: 1859.509 GC heap before
{Heap before GC invocations=2867 (full 5):
 PSYoungGen      total 6144K, used 3712K [0x00000000d5580000, 0x00000000d5f00000, 0x0000000100000000)
  eden space 3584K, 100% used [0x00000000d5580000,0x00000000d5900000,0x00000000d5900000)
  from space 2560K, 5% used [0x00000000d5b00000,0x00000000d5b20000,0x00000000d5d80000)
  to   space 1024K, 0% used [0x00000000d5e00000,0x00000000d5e00000,0x00000000d5f00000)
 ParOldGen       total 1243648K, used 1243431K [0x0000000080000000, 0x00000000cbe80000, 0x00000000d5580000)
  object space 1243648K, 99% used [0x0000000080000000,0x00000000cbe49c88,0x00000000cbe80000)
 Metaspace       used 89380K, committed 91328K, reserved 1179648K
  class space    used 9083K, committed 9920K, reserved 1048576K
}
Event: 1859.522 GC heap after
{Heap after GC invocations=2867 (full 5):
 PSYoungGen      total 4096K, used 96K [0x00000000d5580000, 0x00000000d5e80000, 0x0000000100000000)
  eden space 3584K, 0% used [0x00000000d5580000,0x00000000d5580000,0x00000000d5900000)
  from space 512K, 18% used [0x00000000d5e00000,0x00000000d5e18000,0x00000000d5e80000)
  to   space 512K, 0% used [0x00000000d5d80000,0x00000000d5d80000,0x00000000d5e00000)
 ParOldGen       total 1243648K, used 1243447K [0x0000000080000000, 0x00000000cbe80000, 0x00000000d5580000)
  object space 1243648K, 99% used [0x0000000080000000,0x00000000cbe4dc88,0x00000000cbe80000)
 Metaspace       used 89380K, committed 91328K, reserved 1179648K
  class space    used 9083K, committed 9920K, reserved 1048576K
}
Event: 1872.551 GC heap before
{Heap before GC invocations=2868 (full 5):
 PSYoungGen      total 4096K, used 3680K [0x00000000d5580000, 0x00000000d5e80000, 0x0000000100000000)
  eden space 3584K, 100% used [0x00000000d5580000,0x00000000d5900000,0x00000000d5900000)
  from space 512K, 18% used [0x00000000d5e00000,0x00000000d5e18000,0x00000000d5e80000)
  to   space 512K, 0% used [0x00000000d5d80000,0x00000000d5d80000,0x00000000d5e00000)
 ParOldGen       total 1243648K, used 1243447K [0x0000000080000000, 0x00000000cbe80000, 0x00000000d5580000)
  object space 1243648K, 99% used [0x0000000080000000,0x00000000cbe4dc88,0x00000000cbe80000)
 Metaspace       used 89380K, committed 91328K, reserved 1179648K
  class space    used 9083K, committed 9920K, reserved 1048576K
}
Event: 1872.557 GC heap after
{Heap after GC invocations=2868 (full 5):
 PSYoungGen      total 4096K, used 496K [0x00000000d5580000, 0x00000000d5e80000, 0x0000000100000000)
  eden space 3584K, 0% used [0x00000000d5580000,0x00000000d5580000,0x00000000d5900000)
  from space 512K, 96% used [0x00000000d5d80000,0x00000000d5dfc010,0x00000000d5e00000)
  to   space 512K, 0% used [0x00000000d5e00000,0x00000000d5e00000,0x00000000d5e80000)
 ParOldGen       total 1243648K, used 1243602K [0x0000000080000000, 0x00000000cbe80000, 0x00000000d5580000)
  object space 1243648K, 99% used [0x0000000080000000,0x00000000cbe74968,0x00000000cbe80000)
 Metaspace       used 89380K, committed 91328K, reserved 1179648K
  class space    used 9083K, committed 9920K, reserved 1048576K
}
Event: 1872.706 GC heap before
{Heap before GC invocations=2869 (full 5):
 PSYoungGen      total 4096K, used 4080K [0x00000000d5580000, 0x00000000d5e80000, 0x0000000100000000)
  eden space 3584K, 99% used [0x00000000d5580000,0x00000000d58ffff0,0x00000000d5900000)
  from space 512K, 96% used [0x00000000d5d80000,0x00000000d5dfc010,0x00000000d5e00000)
  to   space 512K, 0% used [0x00000000d5e00000,0x00000000d5e00000,0x00000000d5e80000)
 ParOldGen       total 1243648K, used 1243602K [0x0000000080000000, 0x00000000cbe80000, 0x00000000d5580000)
  object space 1243648K, 99% used [0x0000000080000000,0x00000000cbe74968,0x00000000cbe80000)
 Metaspace       used 89381K, committed 91328K, reserved 1179648K
  class space    used 9083K, committed 9920K, reserved 1048576K
}
Event: 1872.714 GC heap after
{Heap after GC invocations=2869 (full 5):
 PSYoungGen      total 4096K, used 496K [0x00000000d5580000, 0x00000000d5e80000, 0x0000000100000000)
  eden space 3584K, 0% used [0x00000000d5580000,0x00000000d5580000,0x00000000d5900000)
  from space 512K, 96% used [0x00000000d5e00000,0x00000000d5e7c010,0x00000000d5e80000)
  to   space 1536K, 0% used [0x00000000d5b80000,0x00000000d5b80000,0x00000000d5d00000)
 ParOldGen       total 1244672K, used 1244327K [0x0000000080000000, 0x00000000cbf80000, 0x00000000d5580000)
  object space 1244672K, 99% used [0x0000000080000000,0x00000000cbf29df8,0x00000000cbf80000)
 Metaspace       used 89381K, committed 91328K, reserved 1179648K
  class space    used 9083K, committed 9920K, reserved 1048576K
}
Event: 1872.937 GC heap before
{Heap before GC invocations=2870 (full 5):
 PSYoungGen      total 4096K, used 4080K [0x00000000d5580000, 0x00000000d5e80000, 0x0000000100000000)
  eden space 3584K, 99% used [0x00000000d5580000,0x00000000d58ffff0,0x00000000d5900000)
  from space 512K, 96% used [0x00000000d5e00000,0x00000000d5e7c010,0x00000000d5e80000)
  to   space 1536K, 0% used [0x00000000d5b80000,0x00000000d5b80000,0x00000000d5d00000)
 ParOldGen       total 1244672K, used 1244327K [0x0000000080000000, 0x00000000cbf80000, 0x00000000d5580000)
  object space 1244672K, 99% used [0x0000000080000000,0x00000000cbf29df8,0x00000000cbf80000)
 Metaspace       used 89381K, committed 91328K, reserved 1179648K
  class space    used 9083K, committed 9920K, reserved 1048576K
}
Event: 1872.945 GC heap after
{Heap after GC invocations=2870 (full 5):
 PSYoungGen      total 5120K, used 384K [0x00000000d5580000, 0x00000000d5e80000, 0x0000000100000000)
  eden space 3584K, 0% used [0x00000000d5580000,0x00000000d5580000,0x00000000d5900000)
  from space 1536K, 25% used [0x00000000d5b80000,0x00000000d5be0000,0x00000000d5d00000)
  to   space 1024K, 0% used [0x00000000d5d80000,0x00000000d5d80000,0x00000000d5e80000)
 ParOldGen       total 1245184K, used 1244804K [0x0000000080000000, 0x00000000cc000000, 0x00000000d5580000)
  object space 1245184K, 99% used [0x0000000080000000,0x00000000cbfa1288,0x00000000cc000000)
 Metaspace       used 89381K, committed 91328K, reserved 1179648K
  class space    used 9083K, committed 9920K, reserved 1048576K
}
Event: 1877.108 GC heap before
{Heap before GC invocations=2871 (full 5):
 PSYoungGen      total 5120K, used 3968K [0x00000000d5580000, 0x00000000d5e80000, 0x0000000100000000)
  eden space 3584K, 100% used [0x00000000d5580000,0x00000000d5900000,0x00000000d5900000)
  from space 1536K, 25% used [0x00000000d5b80000,0x00000000d5be0000,0x00000000d5d00000)
  to   space 1024K, 0% used [0x00000000d5d80000,0x00000000d5d80000,0x00000000d5e80000)
 ParOldGen       total 1245184K, used 1244804K [0x0000000080000000, 0x00000000cc000000, 0x00000000d5580000)
  object space 1245184K, 99% used [0x0000000080000000,0x00000000cbfa1288,0x00000000cc000000)
 Metaspace       used 89381K, committed 91328K, reserved 1179648K
  class space    used 9083K, committed 9920K, reserved 1048576K
}
Event: 1877.115 GC heap after
{Heap after GC invocations=2871 (full 5):
 PSYoungGen      total 4608K, used 528K [0x00000000d5580000, 0x00000000d5e80000, 0x0000000100000000)
  eden space 3584K, 0% used [0x00000000d5580000,0x00000000d5580000,0x00000000d5900000)
  from space 1024K, 51% used [0x00000000d5d80000,0x00000000d5e04010,0x00000000d5e80000)
  to   space 1024K, 0% used [0x00000000d5c80000,0x00000000d5c80000,0x00000000d5d80000)
 ParOldGen       total 1245184K, used 1244851K [0x0000000080000000, 0x00000000cc000000, 0x00000000d5580000)
  object space 1245184K, 99% used [0x0000000080000000,0x00000000cbfaccc8,0x00000000cc000000)
 Metaspace       used 89381K, committed 91328K, reserved 1179648K
  class space    used 9083K, committed 9920K, reserved 1048576K
}
Event: 1877.700 GC heap before
{Heap before GC invocations=2872 (full 5):
 PSYoungGen      total 4608K, used 4111K [0x00000000d5580000, 0x00000000d5e80000, 0x0000000100000000)
  eden space 3584K, 99% used [0x00000000d5580000,0x00000000d58ffec0,0x00000000d5900000)
  from space 1024K, 51% used [0x00000000d5d80000,0x00000000d5e04010,0x00000000d5e80000)
  to   space 1024K, 0% used [0x00000000d5c80000,0x00000000d5c80000,0x00000000d5d80000)
 ParOldGen       total 1245184K, used 1244851K [0x0000000080000000, 0x00000000cc000000, 0x00000000d5580000)
  object space 1245184K, 99% used [0x0000000080000000,0x00000000cbfaccc8,0x00000000cc000000)
 Metaspace       used 89381K, committed 91328K, reserved 1179648K
  class space    used 9083K, committed 9920K, reserved 1048576K
}
Event: 1877.706 GC heap after
{Heap after GC invocations=2872 (full 5):
 PSYoungGen      total 4608K, used 128K [0x00000000d5580000, 0x00000000d5e00000, 0x0000000100000000)
  eden space 3584K, 0% used [0x00000000d5580000,0x00000000d5580000,0x00000000d5900000)
  from space 1024K, 12% used [0x00000000d5c80000,0x00000000d5ca0000,0x00000000d5d80000)
  to   space 512K, 0% used [0x00000000d5d80000,0x00000000d5d80000,0x00000000d5e00000)
 ParOldGen       total 1245696K, used 1245320K [0x0000000080000000, 0x00000000cc080000, 0x00000000d5580000)
  object space 1245696K, 99% used [0x0000000080000000,0x00000000cc022158,0x00000000cc080000)
 Metaspace       used 89381K, committed 91328K, reserved 1179648K
  class space    used 9083K, committed 9920K, reserved 1048576K
}

